<?xml version="1.0" encoding="UTF-8"?>
<testng-results skipped="0" failed="0" ignored="0" total="2" passed="2">
  <reporter-output>
  </reporter-output>
  <suite name="Default suite" duration-ms="86" started-at="2019-04-06T04:27:41Z" finished-at="2019-04-06T04:27:41Z">
    <groups>
    </groups>
    <test name="Default test" duration-ms="86" started-at="2019-04-06T04:27:41Z" finished-at="2019-04-06T04:27:41Z">
      <class name="testClasses.TestNG_Priority">
        <test-method status="PASS" signature="setUp()[pri:0, instance:testClasses.TestNG_Priority@2344fc66]" name="setUp" is-config="true" duration-ms="19" started-at="2019-04-06T09:57:41Z" finished-at="2019-04-06T09:57:41Z">
          <reporter-output>
          </reporter-output>
        </test-method> <!-- setUp -->
        <test-method status="PASS" signature="testMethod2()[pri:0, instance:testClasses.TestNG_Priority@2344fc66]" name="testMethod2" duration-ms="13" started-at="2019-04-06T09:57:41Z" finished-at="2019-04-06T09:57:41Z">
          <reporter-output>
          </reporter-output>
        </test-method> <!-- testMethod2 -->
        <test-method status="PASS" signature="testMethod1()[pri:1, instance:testClasses.TestNG_Priority@2344fc66]" name="testMethod1" duration-ms="4" started-at="2019-04-06T09:57:41Z" finished-at="2019-04-06T09:57:41Z">
          <reporter-output>
          </reporter-output>
        </test-method> <!-- testMethod1 -->
        <test-method status="PASS" signature="CleanUp()[pri:0, instance:testClasses.TestNG_Priority@2344fc66]" name="CleanUp" is-config="true" duration-ms="2" started-at="2019-04-06T09:57:41Z" finished-at="2019-04-06T09:57:41Z">
          <reporter-output>
          </reporter-output>
        </test-method> <!-- CleanUp -->
      </class> <!-- testClasses.TestNG_Priority -->
    </test> <!-- Default test -->
  </suite> <!-- Default suite -->
</testng-results>
