<?xml version="1.0" encoding="UTF-8"?>
<!-- Generated by org.testng.reporters.JUnitXMLReporter -->
<testsuite hostname="aman" ignored="0" name="Application Test" tests="4" failures="0" timestamp="05 Apr 2019 19:59:13 GMT" time="0.181" errors="0">
  <testcase name="testMethod1" time="0.012" classname="testClasses.TestNG_TestClass1"/>
  <testcase name="testMethod2" time="0.006" classname="testClasses.TestNG_TestClass1"/>
  <testcase name="testMethod1" time="0.002" classname="testClasses.TestNG_TestClass2"/>
  <testcase name="testMethod2" time="0.003" classname="testClasses.TestNG_TestClass2"/>
</testsuite> <!-- Application Test -->
