<?xml version="1.0" encoding="UTF-8"?>
<!-- Generated by org.testng.reporters.JUnitXMLReporter -->
<testsuite hostname="aman" ignored="2" name="Groups demo Test" tests="2" failures="0" timestamp="08 Apr 2019 17:36:46 GMT" time="0.075" errors="0">
  <testcase name="testAudi6" time="0.016" classname="testClasses.TestNG_Grouping"/>
  <testcase name="testBMWX6" time="0.0" classname="testClasses.TestNG_Grouping"/>
  <testcase name="testNinja" time="0.0" classname="testClasses.TestNG_Grouping">
    <ignored/>
  </testcase> <!-- testNinja -->
  <testcase name="testHondaCBR" time="0.0" classname="testClasses.TestNG_Grouping">
    <ignored/>
  </testcase> <!-- testHondaCBR -->
</testsuite> <!-- Groups demo Test -->
