<?xml version="1.0" encoding="UTF-8"?>
<!-- Generated by org.testng.reporters.JUnitXMLReporter -->
<testsuite hostname="aman" ignored="0" name="Default test" tests="3" failures="0" timestamp="09 Apr 2019 18:58:39 GMT" time="0.111" errors="0">
  <testcase name="testMethod1" time="0.01" classname="testClasses.TestNG_DataProviders"/>
  <testcase name="testMethod1" time="0.0" classname="testClasses.TestNG_DataProviders"/>
  <testcase name="testMethod1" time="0.0" classname="testClasses.TestNG_DataProviders"/>
</testsuite> <!-- Default test -->
